<?xml version="1.0" encoding="UTF-8"?>
<coverage generated="1733156274549" clover="3.2.0">
  <project timestamp="1733156274549" name="All files">
    <metrics statements="98" coveredstatements="92" conditionals="81" coveredconditionals="81" methods="20" coveredmethods="15" elements="199" coveredelements="188" complexity="0" loc="98" ncloc="98" packages="1" files="3" classes="3"/>
    <file name="dice.ts" path="/Users/joshuaziggas/swrpg-online/dice/src/dice.ts">
      <metrics statements="87" coveredstatements="87" conditionals="78" coveredconditionals="78" methods="11" coveredmethods="11"/>
      <line num="3" count="77" type="stmt"/>
      <line num="5" count="1" type="stmt"/>
      <line num="6" count="10" type="cond" truecount="5" falsecount="0"/>
      <line num="8" count="1" type="stmt"/>
      <line num="10" count="3" type="stmt"/>
      <line num="12" count="2" type="stmt"/>
      <line num="14" count="2" type="stmt"/>
      <line num="16" count="2" type="stmt"/>
      <line num="20" count="1" type="stmt"/>
      <line num="21" count="8" type="cond" truecount="5" falsecount="0"/>
      <line num="24" count="3" type="stmt"/>
      <line num="27" count="3" type="stmt"/>
      <line num="29" count="2" type="stmt"/>
      <line num="33" count="1" type="stmt"/>
      <line num="34" count="14" type="cond" truecount="8" falsecount="0"/>
      <line num="37" count="3" type="stmt"/>
      <line num="39" count="1" type="stmt"/>
      <line num="42" count="4" type="stmt"/>
      <line num="44" count="1" type="stmt"/>
      <line num="46" count="4" type="stmt"/>
      <line num="48" count="1" type="stmt"/>
      <line num="52" count="1" type="stmt"/>
      <line num="53" count="14" type="cond" truecount="8" falsecount="0"/>
      <line num="55" count="2" type="stmt"/>
      <line num="57" count="1" type="stmt"/>
      <line num="61" count="4" type="stmt"/>
      <line num="63" count="2" type="stmt"/>
      <line num="65" count="4" type="stmt"/>
      <line num="67" count="1" type="stmt"/>
      <line num="71" count="1" type="stmt"/>
      <line num="72" count="16" type="cond" truecount="12" falsecount="0"/>
      <line num="75" count="2" type="stmt"/>
      <line num="78" count="2" type="stmt"/>
      <line num="80" count="1" type="stmt"/>
      <line num="84" count="4" type="stmt"/>
      <line num="87" count="2" type="stmt"/>
      <line num="89" count="4" type="stmt"/>
      <line num="91" count="1" type="stmt"/>
      <line num="95" count="1" type="stmt"/>
      <line num="96" count="15" type="cond" truecount="12" falsecount="0"/>
      <line num="99" count="2" type="stmt"/>
      <line num="102" count="2" type="stmt"/>
      <line num="105" count="3" type="stmt"/>
      <line num="108" count="2" type="stmt"/>
      <line num="111" count="2" type="stmt"/>
      <line num="113" count="3" type="stmt"/>
      <line num="115" count="1" type="stmt"/>
      <line num="119" count="1" type="stmt"/>
      <line num="120" count="77" type="stmt"/>
      <line num="137" count="62" type="stmt"/>
      <line num="138" count="62" type="stmt"/>
      <line num="140" count="62" type="cond" truecount="2" falsecount="0"/>
      <line num="141" count="34" type="stmt"/>
      <line num="142" count="34" type="stmt"/>
      <line num="143" count="28" type="cond" truecount="2" falsecount="0"/>
      <line num="144" count="15" type="stmt"/>
      <line num="146" count="13" type="stmt"/>
      <line num="149" count="62" type="stmt"/>
      <line num="159" count="1" type="stmt"/>
      <line num="161" count="62" type="cond" truecount="4" falsecount="0"/>
      <line num="162" count="62" type="cond" truecount="4" falsecount="0"/>
      <line num="163" count="62" type="cond" truecount="4" falsecount="0"/>
      <line num="164" count="62" type="cond" truecount="4" falsecount="0"/>
      <line num="165" count="62" type="cond" truecount="4" falsecount="0"/>
      <line num="166" count="62" type="cond" truecount="4" falsecount="0"/>
      <line num="169" count="62" type="stmt"/>
      <line num="178" count="62" type="stmt"/>
      <line num="181" count="62" type="stmt"/>
      <line num="182" count="10" type="stmt"/>
      <line num="183" count="10" type="stmt"/>
      <line num="191" count="62" type="stmt"/>
      <line num="192" count="14" type="stmt"/>
      <line num="193" count="14" type="stmt"/>
      <line num="201" count="62" type="stmt"/>
      <line num="202" count="16" type="stmt"/>
      <line num="203" count="16" type="stmt"/>
      <line num="211" count="62" type="stmt"/>
      <line num="212" count="8" type="stmt"/>
      <line num="213" count="8" type="stmt"/>
      <line num="221" count="62" type="stmt"/>
      <line num="222" count="14" type="stmt"/>
      <line num="223" count="14" type="stmt"/>
      <line num="231" count="62" type="stmt"/>
      <line num="232" count="15" type="stmt"/>
      <line num="233" count="15" type="stmt"/>
      <line num="240" count="62" type="stmt"/>
      <line num="242" count="77" type="stmt"/>
    </file>
    <file name="index.ts" path="/Users/joshuaziggas/swrpg-online/dice/src/index.ts">
      <metrics statements="6" coveredstatements="0" conditionals="0" coveredconditionals="0" methods="5" coveredmethods="0"/>
      <line num="1" count="0" type="stmt"/>
      <line num="3" count="0" type="stmt"/>
      <line num="4" count="0" type="stmt"/>
      <line num="5" count="0" type="stmt"/>
      <line num="6" count="0" type="stmt"/>
      <line num="7" count="0" type="stmt"/>
    </file>
    <file name="pools.ts" path="/Users/joshuaziggas/swrpg-online/dice/src/pools.ts">
      <metrics statements="5" coveredstatements="5" conditionals="3" coveredconditionals="3" methods="4" coveredmethods="4"/>
      <line num="9" count="2" type="stmt"/>
      <line num="21" count="2" type="cond" truecount="1" falsecount="0"/>
      <line num="35" count="1" type="stmt"/>
      <line num="40" count="2" type="stmt"/>
      <line num="53" count="2" type="cond" truecount="1" falsecount="0"/>
    </file>
  </project>
</coverage>
