{"/Users/joshuaziggas/swrpg-online/dice/src/dice.ts": {"path":"/Users/joshuaziggas/swrpg-online/dice/src/dice.ts","statementMap":{"0":{"start":{"line":3,"column":16},"end":{"line":3,"column":80}},"1":{"start":{"line":3,"column":43},"end":{"line":3,"column":80}},"2":{"start":{"line":5,"column":23},"end":{"line":18,"column":1}},"3":{"start":{"line":6,"column":4},"end":{"line":17,"column":5}},"4":{"start":{"line":8,"column":12},"end":{"line":8,"column":101}},"5":{"start":{"line":10,"column":12},"end":{"line":10,"column":101}},"6":{"start":{"line":12,"column":12},"end":{"line":12,"column":101}},"7":{"start":{"line":14,"column":12},"end":{"line":14,"column":101}},"8":{"start":{"line":16,"column":12},"end":{"line":16,"column":101}},"9":{"start":{"line":20,"column":25},"end":{"line":31,"column":1}},"10":{"start":{"line":21,"column":4},"end":{"line":30,"column":5}},"11":{"start":{"line":24,"column":12},"end":{"line":24,"column":101}},"12":{"start":{"line":27,"column":12},"end":{"line":27,"column":101}},"13":{"start":{"line":29,"column":12},"end":{"line":29,"column":101}},"14":{"start":{"line":33,"column":25},"end":{"line":50,"column":1}},"15":{"start":{"line":34,"column":4},"end":{"line":49,"column":5}},"16":{"start":{"line":37,"column":12},"end":{"line":37,"column":101}},"17":{"start":{"line":39,"column":12},"end":{"line":39,"column":101}},"18":{"start":{"line":42,"column":12},"end":{"line":42,"column":101}},"19":{"start":{"line":44,"column":12},"end":{"line":44,"column":101}},"20":{"start":{"line":46,"column":12},"end":{"line":46,"column":101}},"21":{"start":{"line":48,"column":12},"end":{"line":48,"column":101}},"22":{"start":{"line":52,"column":28},"end":{"line":69,"column":1}},"23":{"start":{"line":53,"column":4},"end":{"line":68,"column":5}},"24":{"start":{"line":55,"column":12},"end":{"line":55,"column":101}},"25":{"start":{"line":57,"column":12},"end":{"line":57,"column":101}},"26":{"start":{"line":61,"column":12},"end":{"line":61,"column":101}},"27":{"start":{"line":63,"column":12},"end":{"line":63,"column":101}},"28":{"start":{"line":65,"column":12},"end":{"line":65,"column":101}},"29":{"start":{"line":67,"column":12},"end":{"line":67,"column":101}},"30":{"start":{"line":71,"column":29},"end":{"line":93,"column":1}},"31":{"start":{"line":72,"column":4},"end":{"line":92,"column":5}},"32":{"start":{"line":75,"column":12},"end":{"line":75,"column":101}},"33":{"start":{"line":78,"column":12},"end":{"line":78,"column":101}},"34":{"start":{"line":80,"column":12},"end":{"line":80,"column":101}},"35":{"start":{"line":84,"column":12},"end":{"line":84,"column":101}},"36":{"start":{"line":87,"column":12},"end":{"line":87,"column":101}},"37":{"start":{"line":89,"column":12},"end":{"line":89,"column":101}},"38":{"start":{"line":91,"column":12},"end":{"line":91,"column":101}},"39":{"start":{"line":95,"column":27},"end":{"line":117,"column":1}},"40":{"start":{"line":96,"column":4},"end":{"line":116,"column":5}},"41":{"start":{"line":99,"column":12},"end":{"line":99,"column":101}},"42":{"start":{"line":102,"column":12},"end":{"line":102,"column":101}},"43":{"start":{"line":105,"column":12},"end":{"line":105,"column":101}},"44":{"start":{"line":108,"column":12},"end":{"line":108,"column":101}},"45":{"start":{"line":111,"column":12},"end":{"line":111,"column":101}},"46":{"start":{"line":113,"column":12},"end":{"line":113,"column":101}},"47":{"start":{"line":115,"column":12},"end":{"line":115,"column":101}},"48":{"start":{"line":119,"column":19},"end":{"line":157,"column":1}},"49":{"start":{"line":120,"column":17},"end":{"line":134,"column":6}},"50":{"start":{"line":120,"column":48},"end":{"line":127,"column":6}},"51":{"start":{"line":137,"column":23},"end":{"line":137,"column":24}},"52":{"start":{"line":138,"column":22},"end":{"line":138,"column":23}},"53":{"start":{"line":140,"column":4},"end":{"line":147,"column":5}},"54":{"start":{"line":141,"column":8},"end":{"line":141,"column":25}},"55":{"start":{"line":142,"column":8},"end":{"line":142,"column":24}},"56":{"start":{"line":143,"column":11},"end":{"line":147,"column":5}},"57":{"start":{"line":144,"column":8},"end":{"line":144,"column":54}},"58":{"start":{"line":146,"column":8},"end":{"line":146,"column":53}},"59":{"start":{"line":149,"column":4},"end":{"line":156,"column":6}},"60":{"start":{"line":159,"column":20},"end":{"line":244,"column":1}},"61":{"start":{"line":161,"column":23},"end":{"line":161,"column":42}},"62":{"start":{"line":162,"column":25},"end":{"line":162,"column":46}},"63":{"start":{"line":163,"column":29},"end":{"line":163,"column":54}},"64":{"start":{"line":164,"column":25},"end":{"line":164,"column":46}},"65":{"start":{"line":165,"column":28},"end":{"line":165,"column":52}},"66":{"start":{"line":166,"column":27},"end":{"line":166,"column":50}},"67":{"start":{"line":169,"column":26},"end":{"line":176,"column":6}},"68":{"start":{"line":178,"column":49},"end":{"line":178,"column":51}},"69":{"start":{"line":181,"column":4},"end":{"line":188,"column":5}},"70":{"start":{"line":181,"column":17},"end":{"line":181,"column":18}},"71":{"start":{"line":182,"column":21},"end":{"line":182,"column":31}},"72":{"start":{"line":183,"column":8},"end":{"line":187,"column":11}},"73":{"start":{"line":191,"column":4},"end":{"line":198,"column":5}},"74":{"start":{"line":191,"column":17},"end":{"line":191,"column":18}},"75":{"start":{"line":192,"column":21},"end":{"line":192,"column":31}},"76":{"start":{"line":193,"column":8},"end":{"line":197,"column":11}},"77":{"start":{"line":201,"column":4},"end":{"line":208,"column":5}},"78":{"start":{"line":201,"column":17},"end":{"line":201,"column":18}},"79":{"start":{"line":202,"column":21},"end":{"line":202,"column":32}},"80":{"start":{"line":203,"column":8},"end":{"line":207,"column":11}},"81":{"start":{"line":211,"column":4},"end":{"line":218,"column":5}},"82":{"start":{"line":211,"column":17},"end":{"line":211,"column":18}},"83":{"start":{"line":212,"column":21},"end":{"line":212,"column":31}},"84":{"start":{"line":213,"column":8},"end":{"line":217,"column":11}},"85":{"start":{"line":221,"column":4},"end":{"line":228,"column":5}},"86":{"start":{"line":221,"column":17},"end":{"line":221,"column":18}},"87":{"start":{"line":222,"column":21},"end":{"line":222,"column":31}},"88":{"start":{"line":223,"column":8},"end":{"line":227,"column":11}},"89":{"start":{"line":231,"column":4},"end":{"line":238,"column":5}},"90":{"start":{"line":231,"column":17},"end":{"line":231,"column":18}},"91":{"start":{"line":232,"column":21},"end":{"line":232,"column":32}},"92":{"start":{"line":233,"column":8},"end":{"line":237,"column":11}},"93":{"start":{"line":240,"column":4},"end":{"line":243,"column":6}},"94":{"start":{"line":242,"column":53},"end":{"line":242,"column":61}},"95":{"start":{"line":159,"column":13},"end":{"line":159,"column":20}}},"fnMap":{"0":{"name":"(anonymous_0)","decl":{"start":{"line":3,"column":16},"end":{"line":3,"column":17}},"loc":{"start":{"line":3,"column":43},"end":{"line":3,"column":80}}},"1":{"name":"(anonymous_1)","decl":{"start":{"line":5,"column":23},"end":{"line":5,"column":24}},"loc":{"start":{"line":5,"column":52},"end":{"line":18,"column":1}}},"2":{"name":"(anonymous_2)","decl":{"start":{"line":20,"column":25},"end":{"line":20,"column":26}},"loc":{"start":{"line":20,"column":54},"end":{"line":31,"column":1}}},"3":{"name":"(anonymous_3)","decl":{"start":{"line":33,"column":25},"end":{"line":33,"column":26}},"loc":{"start":{"line":33,"column":54},"end":{"line":50,"column":1}}},"4":{"name":"(anonymous_4)","decl":{"start":{"line":52,"column":28},"end":{"line":52,"column":29}},"loc":{"start":{"line":52,"column":57},"end":{"line":69,"column":1}}},"5":{"name":"(anonymous_5)","decl":{"start":{"line":71,"column":29},"end":{"line":71,"column":30}},"loc":{"start":{"line":71,"column":58},"end":{"line":93,"column":1}}},"6":{"name":"(anonymous_6)","decl":{"start":{"line":95,"column":27},"end":{"line":95,"column":28}},"loc":{"start":{"line":95,"column":56},"end":{"line":117,"column":1}}},"7":{"name":"(anonymous_7)","decl":{"start":{"line":119,"column":19},"end":{"line":119,"column":20}},"loc":{"start":{"line":119,"column":57},"end":{"line":157,"column":1}}},"8":{"name":"(anonymous_8)","decl":{"start":{"line":120,"column":32},"end":{"line":120,"column":33}},"loc":{"start":{"line":120,"column":48},"end":{"line":127,"column":6}}},"9":{"name":"(anonymous_9)","decl":{"start":{"line":159,"column":20},"end":{"line":159,"column":21}},"loc":{"start":{"line":159,"column":51},"end":{"line":244,"column":1}}},"10":{"name":"(anonymous_10)","decl":{"start":{"line":242,"column":48},"end":{"line":242,"column":49}},"loc":{"start":{"line":242,"column":53},"end":{"line":242,"column":61}}}},"branchMap":{"0":{"loc":{"start":{"line":6,"column":4},"end":{"line":17,"column":5}},"type":"switch","locations":[{"start":{"line":7,"column":8},"end":{"line":8,"column":101}},{"start":{"line":9,"column":8},"end":{"line":10,"column":101}},{"start":{"line":11,"column":8},"end":{"line":12,"column":101}},{"start":{"line":13,"column":8},"end":{"line":14,"column":101}},{"start":{"line":15,"column":8},"end":{"line":16,"column":101}}]},"1":{"loc":{"start":{"line":21,"column":4},"end":{"line":30,"column":5}},"type":"switch","locations":[{"start":{"line":22,"column":8},"end":{"line":22,"column":15}},{"start":{"line":23,"column":8},"end":{"line":24,"column":101}},{"start":{"line":25,"column":8},"end":{"line":25,"column":15}},{"start":{"line":26,"column":8},"end":{"line":27,"column":101}},{"start":{"line":28,"column":8},"end":{"line":29,"column":101}}]},"2":{"loc":{"start":{"line":34,"column":4},"end":{"line":49,"column":5}},"type":"switch","locations":[{"start":{"line":35,"column":8},"end":{"line":35,"column":15}},{"start":{"line":36,"column":8},"end":{"line":37,"column":101}},{"start":{"line":38,"column":8},"end":{"line":39,"column":101}},{"start":{"line":40,"column":8},"end":{"line":40,"column":15}},{"start":{"line":41,"column":8},"end":{"line":42,"column":101}},{"start":{"line":43,"column":8},"end":{"line":44,"column":101}},{"start":{"line":45,"column":8},"end":{"line":46,"column":101}},{"start":{"line":47,"column":8},"end":{"line":48,"column":101}}]},"3":{"loc":{"start":{"line":53,"column":4},"end":{"line":68,"column":5}},"type":"switch","locations":[{"start":{"line":54,"column":8},"end":{"line":55,"column":101}},{"start":{"line":56,"column":8},"end":{"line":57,"column":101}},{"start":{"line":58,"column":8},"end":{"line":58,"column":15}},{"start":{"line":59,"column":8},"end":{"line":59,"column":15}},{"start":{"line":60,"column":8},"end":{"line":61,"column":101}},{"start":{"line":62,"column":8},"end":{"line":63,"column":101}},{"start":{"line":64,"column":8},"end":{"line":65,"column":101}},{"start":{"line":66,"column":8},"end":{"line":67,"column":101}}]},"4":{"loc":{"start":{"line":72,"column":4},"end":{"line":92,"column":5}},"type":"switch","locations":[{"start":{"line":73,"column":8},"end":{"line":73,"column":15}},{"start":{"line":74,"column":8},"end":{"line":75,"column":101}},{"start":{"line":76,"column":8},"end":{"line":76,"column":15}},{"start":{"line":77,"column":8},"end":{"line":78,"column":101}},{"start":{"line":79,"column":8},"end":{"line":80,"column":101}},{"start":{"line":81,"column":8},"end":{"line":81,"column":15}},{"start":{"line":82,"column":8},"end":{"line":82,"column":15}},{"start":{"line":83,"column":8},"end":{"line":84,"column":101}},{"start":{"line":85,"column":8},"end":{"line":85,"column":16}},{"start":{"line":86,"column":8},"end":{"line":87,"column":101}},{"start":{"line":88,"column":8},"end":{"line":89,"column":101}},{"start":{"line":90,"column":8},"end":{"line":91,"column":101}}]},"5":{"loc":{"start":{"line":96,"column":4},"end":{"line":116,"column":5}},"type":"switch","locations":[{"start":{"line":97,"column":8},"end":{"line":97,"column":15}},{"start":{"line":98,"column":8},"end":{"line":99,"column":101}},{"start":{"line":100,"column":8},"end":{"line":100,"column":15}},{"start":{"line":101,"column":8},"end":{"line":102,"column":101}},{"start":{"line":103,"column":8},"end":{"line":103,"column":15}},{"start":{"line":104,"column":8},"end":{"line":105,"column":101}},{"start":{"line":106,"column":8},"end":{"line":106,"column":15}},{"start":{"line":107,"column":8},"end":{"line":108,"column":101}},{"start":{"line":109,"column":8},"end":{"line":109,"column":16}},{"start":{"line":110,"column":8},"end":{"line":111,"column":101}},{"start":{"line":112,"column":8},"end":{"line":113,"column":101}},{"start":{"line":114,"column":8},"end":{"line":115,"column":101}}]},"6":{"loc":{"start":{"line":140,"column":4},"end":{"line":147,"column":5}},"type":"if","locations":[{"start":{"line":140,"column":4},"end":{"line":147,"column":5}},{"start":{"line":143,"column":11},"end":{"line":147,"column":5}}]},"7":{"loc":{"start":{"line":143,"column":11},"end":{"line":147,"column":5}},"type":"if","locations":[{"start":{"line":143,"column":11},"end":{"line":147,"column":5}},{"start":{"line":145,"column":11},"end":{"line":147,"column":5}}]},"8":{"loc":{"start":{"line":161,"column":23},"end":{"line":161,"column":42}},"type":"cond-expr","locations":[{"start":{"line":161,"column":37},"end":{"line":161,"column":41}},{"start":{"line":161,"column":41},"end":{"line":161,"column":42}}]},"9":{"loc":{"start":{"line":161,"column":23},"end":{"line":161,"column":41}},"type":"binary-expr","locations":[{"start":{"line":161,"column":23},"end":{"line":161,"column":41}},{"start":{"line":161,"column":37},"end":{"line":161,"column":41}}]},"10":{"loc":{"start":{"line":162,"column":25},"end":{"line":162,"column":46}},"type":"cond-expr","locations":[{"start":{"line":162,"column":41},"end":{"line":162,"column":45}},{"start":{"line":162,"column":45},"end":{"line":162,"column":46}}]},"11":{"loc":{"start":{"line":162,"column":25},"end":{"line":162,"column":45}},"type":"binary-expr","locations":[{"start":{"line":162,"column":25},"end":{"line":162,"column":45}},{"start":{"line":162,"column":41},"end":{"line":162,"column":45}}]},"12":{"loc":{"start":{"line":163,"column":29},"end":{"line":163,"column":54}},"type":"cond-expr","locations":[{"start":{"line":163,"column":49},"end":{"line":163,"column":53}},{"start":{"line":163,"column":53},"end":{"line":163,"column":54}}]},"13":{"loc":{"start":{"line":163,"column":29},"end":{"line":163,"column":53}},"type":"binary-expr","locations":[{"start":{"line":163,"column":29},"end":{"line":163,"column":53}},{"start":{"line":163,"column":49},"end":{"line":163,"column":53}}]},"14":{"loc":{"start":{"line":164,"column":25},"end":{"line":164,"column":46}},"type":"cond-expr","locations":[{"start":{"line":164,"column":41},"end":{"line":164,"column":45}},{"start":{"line":164,"column":45},"end":{"line":164,"column":46}}]},"15":{"loc":{"start":{"line":164,"column":25},"end":{"line":164,"column":45}},"type":"binary-expr","locations":[{"start":{"line":164,"column":25},"end":{"line":164,"column":45}},{"start":{"line":164,"column":41},"end":{"line":164,"column":45}}]},"16":{"loc":{"start":{"line":165,"column":28},"end":{"line":165,"column":52}},"type":"cond-expr","locations":[{"start":{"line":165,"column":47},"end":{"line":165,"column":51}},{"start":{"line":165,"column":51},"end":{"line":165,"column":52}}]},"17":{"loc":{"start":{"line":165,"column":28},"end":{"line":165,"column":51}},"type":"binary-expr","locations":[{"start":{"line":165,"column":28},"end":{"line":165,"column":51}},{"start":{"line":165,"column":47},"end":{"line":165,"column":51}}]},"18":{"loc":{"start":{"line":166,"column":27},"end":{"line":166,"column":50}},"type":"cond-expr","locations":[{"start":{"line":166,"column":45},"end":{"line":166,"column":49}},{"start":{"line":166,"column":49},"end":{"line":166,"column":50}}]},"19":{"loc":{"start":{"line":166,"column":27},"end":{"line":166,"column":49}},"type":"binary-expr","locations":[{"start":{"line":166,"column":27},"end":{"line":166,"column":49}},{"start":{"line":166,"column":45},"end":{"line":166,"column":49}}]}},"s":{"0":1,"1":77,"2":1,"3":10,"4":1,"5":3,"6":2,"7":2,"8":2,"9":1,"10":8,"11":3,"12":3,"13":2,"14":1,"15":14,"16":3,"17":1,"18":4,"19":1,"20":4,"21":1,"22":1,"23":14,"24":2,"25":1,"26":4,"27":2,"28":4,"29":1,"30":1,"31":16,"32":2,"33":2,"34":1,"35":4,"36":2,"37":4,"38":1,"39":1,"40":15,"41":2,"42":2,"43":3,"44":2,"45":2,"46":3,"47":1,"48":1,"49":62,"50":77,"51":62,"52":62,"53":62,"54":34,"55":34,"56":28,"57":15,"58":13,"59":62,"60":1,"61":62,"62":62,"63":62,"64":62,"65":62,"66":62,"67":62,"68":62,"69":62,"70":62,"71":10,"72":10,"73":62,"74":62,"75":14,"76":14,"77":62,"78":62,"79":16,"80":16,"81":62,"82":62,"83":8,"84":8,"85":62,"86":62,"87":14,"88":14,"89":62,"90":62,"91":15,"92":15,"93":62,"94":77,"95":1},"f":{"0":77,"1":10,"2":8,"3":14,"4":14,"5":16,"6":15,"7":62,"8":77,"9":62,"10":77},"b":{"0":[1,3,2,2,2],"1":[1,3,1,3,2],"2":[2,3,1,3,4,1,4,1],"3":[2,1,1,3,4,2,4,1],"4":[1,2,1,2,1,2,3,4,1,2,4,1],"5":[1,2,1,2,1,3,1,2,1,2,3,1],"6":[34,28],"7":[15,13],"8":[11,51],"9":[62,62],"10":[14,48],"11":[62,62],"12":[17,45],"13":[62,62],"14":[9,53],"15":[62,62],"16":[14,48],"17":[62,62],"18":[16,46],"19":[62,62]}}
,"/Users/joshuaziggas/swrpg-online/dice/src/index.ts": {"path":"/Users/joshuaziggas/swrpg-online/dice/src/index.ts","statementMap":{"0":{"start":{"line":1,"column":0},"end":{"line":1,"column":9}},"1":{"start":{"line":1,"column":9},"end":{"line":1,"column":30}},"2":{"start":{"line":3,"column":0},"end":{"line":3,"column":null}},"3":{"start":{"line":4,"column":4},"end":{"line":4,"column":null}},"4":{"start":{"line":5,"column":4},"end":{"line":5,"column":null}},"5":{"start":{"line":6,"column":4},"end":{"line":6,"column":null}},"6":{"start":{"line":7,"column":4},"end":{"line":7,"column":null}}},"fnMap":{"0":{"name":"(anonymous_0)","decl":{"start":{"line":1,"column":9},"end":{"line":1,"column":13}},"loc":{"start":{"line":1,"column":9},"end":{"line":1,"column":30}}},"1":{"name":"(anonymous_1)","decl":{"start":{"line":4,"column":4},"end":{"line":4,"column":20}},"loc":{"start":{"line":4,"column":4},"end":{"line":4,"column":null}}},"2":{"name":"(anonymous_2)","decl":{"start":{"line":5,"column":4},"end":{"line":5,"column":21}},"loc":{"start":{"line":5,"column":4},"end":{"line":5,"column":null}}},"3":{"name":"(anonymous_3)","decl":{"start":{"line":6,"column":4},"end":{"line":6,"column":22}},"loc":{"start":{"line":6,"column":4},"end":{"line":6,"column":null}}},"4":{"name":"(anonymous_4)","decl":{"start":{"line":7,"column":4},"end":{"line":7,"column":24}},"loc":{"start":{"line":7,"column":4},"end":{"line":7,"column":null}}}},"branchMap":{},"s":{"0":0,"1":0,"2":0,"3":0,"4":0,"5":0,"6":0},"f":{"0":0,"1":0,"2":0,"3":0,"4":0},"b":{}}
,"/Users/joshuaziggas/swrpg-online/dice/src/pools.ts": {"path":"/Users/joshuaziggas/swrpg-online/dice/src/pools.ts","statementMap":{"0":{"start":{"line":9,"column":32},"end":{"line":12,"column":2}},"1":{"start":{"line":9,"column":85},"end":{"line":12,"column":2}},"2":{"start":{"line":9,"column":13},"end":{"line":9,"column":32}},"3":{"start":{"line":21,"column":33},"end":{"line":25,"column":2}},"4":{"start":{"line":21,"column":105},"end":{"line":25,"column":2}},"5":{"start":{"line":21,"column":13},"end":{"line":21,"column":33}},"6":{"start":{"line":35,"column":34},"end":{"line":45,"column":2}},"7":{"start":{"line":40,"column":16},"end":{"line":45,"column":2}},"8":{"start":{"line":35,"column":13},"end":{"line":35,"column":34}},"9":{"start":{"line":53,"column":36},"end":{"line":56,"column":2}},"10":{"start":{"line":53,"column":94},"end":{"line":56,"column":2}},"11":{"start":{"line":53,"column":13},"end":{"line":53,"column":36}}},"fnMap":{"0":{"name":"(anonymous_0)","decl":{"start":{"line":9,"column":32},"end":{"line":9,"column":33}},"loc":{"start":{"line":9,"column":85},"end":{"line":12,"column":2}}},"1":{"name":"(anonymous_1)","decl":{"start":{"line":21,"column":33},"end":{"line":21,"column":34}},"loc":{"start":{"line":21,"column":105},"end":{"line":25,"column":2}}},"2":{"name":"(anonymous_2)","decl":{"start":{"line":35,"column":34},"end":{"line":35,"column":null}},"loc":{"start":{"line":40,"column":16},"end":{"line":45,"column":2}}},"3":{"name":"(anonymous_3)","decl":{"start":{"line":53,"column":36},"end":{"line":53,"column":37}},"loc":{"start":{"line":53,"column":94},"end":{"line":56,"column":2}}}},"branchMap":{"0":{"loc":{"start":{"line":21,"column":72},"end":{"line":21,"column":89}},"type":"default-arg","locations":[{"start":{"line":21,"column":88},"end":{"line":21,"column":89}}]},"1":{"loc":{"start":{"line":39,"column":4},"end":{"line":39,"column":25}},"type":"default-arg","locations":[{"start":{"line":39,"column":24},"end":{"line":39,"column":25}}]},"2":{"loc":{"start":{"line":53,"column":57},"end":{"line":53,"column":78}},"type":"default-arg","locations":[{"start":{"line":53,"column":77},"end":{"line":53,"column":78}}]}},"s":{"0":1,"1":2,"2":1,"3":1,"4":2,"5":1,"6":1,"7":2,"8":1,"9":1,"10":2,"11":1},"f":{"0":2,"1":2,"2":2,"3":2},"b":{"0":[1],"1":[1],"2":[1]}}
}
