TN:
SF:src/dice.ts
FN:3,(anonymous_0)
FN:5,(anonymous_1)
FN:20,(anonymous_2)
FN:33,(anonymous_3)
FN:52,(anonymous_4)
FN:71,(anonymous_5)
FN:95,(anonymous_6)
FN:119,(anonymous_7)
FN:120,(anonymous_8)
FN:159,(anonymous_9)
FN:242,(anonymous_10)
FNF:11
FNH:11
FNDA:77,(anonymous_0)
FNDA:10,(anonymous_1)
FNDA:8,(anonymous_2)
FNDA:14,(anonymous_3)
FNDA:14,(anonymous_4)
FNDA:16,(anonymous_5)
FNDA:15,(anonymous_6)
FNDA:62,(anonymous_7)
FNDA:77,(anonymous_8)
FNDA:62,(anonymous_9)
FNDA:77,(anonymous_10)
DA:3,77
DA:5,1
DA:6,10
DA:8,1
DA:10,3
DA:12,2
DA:14,2
DA:16,2
DA:20,1
DA:21,8
DA:24,3
DA:27,3
DA:29,2
DA:33,1
DA:34,14
DA:37,3
DA:39,1
DA:42,4
DA:44,1
DA:46,4
DA:48,1
DA:52,1
DA:53,14
DA:55,2
DA:57,1
DA:61,4
DA:63,2
DA:65,4
DA:67,1
DA:71,1
DA:72,16
DA:75,2
DA:78,2
DA:80,1
DA:84,4
DA:87,2
DA:89,4
DA:91,1
DA:95,1
DA:96,15
DA:99,2
DA:102,2
DA:105,3
DA:108,2
DA:111,2
DA:113,3
DA:115,1
DA:119,1
DA:120,77
DA:137,62
DA:138,62
DA:140,62
DA:141,34
DA:142,34
DA:143,28
DA:144,15
DA:146,13
DA:149,62
DA:159,1
DA:161,62
DA:162,62
DA:163,62
DA:164,62
DA:165,62
DA:166,62
DA:169,62
DA:178,62
DA:181,62
DA:182,10
DA:183,10
DA:191,62
DA:192,14
DA:193,14
DA:201,62
DA:202,16
DA:203,16
DA:211,62
DA:212,8
DA:213,8
DA:221,62
DA:222,14
DA:223,14
DA:231,62
DA:232,15
DA:233,15
DA:240,62
DA:242,77
LF:87
LH:87
BRDA:6,0,0,1
BRDA:6,0,1,3
BRDA:6,0,2,2
BRDA:6,0,3,2
BRDA:6,0,4,2
BRDA:21,1,0,1
BRDA:21,1,1,3
BRDA:21,1,2,1
BRDA:21,1,3,3
BRDA:21,1,4,2
BRDA:34,2,0,2
BRDA:34,2,1,3
BRDA:34,2,2,1
BRDA:34,2,3,3
BRDA:34,2,4,4
BRDA:34,2,5,1
BRDA:34,2,6,4
BRDA:34,2,7,1
BRDA:53,3,0,2
BRDA:53,3,1,1
BRDA:53,3,2,1
BRDA:53,3,3,3
BRDA:53,3,4,4
BRDA:53,3,5,2
BRDA:53,3,6,4
BRDA:53,3,7,1
BRDA:72,4,0,1
BRDA:72,4,1,2
BRDA:72,4,2,1
BRDA:72,4,3,2
BRDA:72,4,4,1
BRDA:72,4,5,2
BRDA:72,4,6,3
BRDA:72,4,7,4
BRDA:72,4,8,1
BRDA:72,4,9,2
BRDA:72,4,10,4
BRDA:72,4,11,1
BRDA:96,5,0,1
BRDA:96,5,1,2
BRDA:96,5,2,1
BRDA:96,5,3,2
BRDA:96,5,4,1
BRDA:96,5,5,3
BRDA:96,5,6,1
BRDA:96,5,7,2
BRDA:96,5,8,1
BRDA:96,5,9,2
BRDA:96,5,10,3
BRDA:96,5,11,1
BRDA:140,6,0,34
BRDA:140,6,1,28
BRDA:143,7,0,15
BRDA:143,7,1,13
BRDA:161,8,0,11
BRDA:161,8,1,51
BRDA:161,9,0,62
BRDA:161,9,1,62
BRDA:162,10,0,14
BRDA:162,10,1,48
BRDA:162,11,0,62
BRDA:162,11,1,62
BRDA:163,12,0,17
BRDA:163,12,1,45
BRDA:163,13,0,62
BRDA:163,13,1,62
BRDA:164,14,0,9
BRDA:164,14,1,53
BRDA:164,15,0,62
BRDA:164,15,1,62
BRDA:165,16,0,14
BRDA:165,16,1,48
BRDA:165,17,0,62
BRDA:165,17,1,62
BRDA:166,18,0,16
BRDA:166,18,1,46
BRDA:166,19,0,62
BRDA:166,19,1,62
BRF:78
BRH:78
end_of_record
TN:
SF:src/index.ts
FN:1,(anonymous_0)
FN:4,(anonymous_1)
FN:5,(anonymous_2)
FN:6,(anonymous_3)
FN:7,(anonymous_4)
FNF:5
FNH:0
FNDA:0,(anonymous_0)
FNDA:0,(anonymous_1)
FNDA:0,(anonymous_2)
FNDA:0,(anonymous_3)
FNDA:0,(anonymous_4)
DA:1,0
DA:3,0
DA:4,0
DA:5,0
DA:6,0
DA:7,0
LF:6
LH:0
BRF:0
BRH:0
end_of_record
TN:
SF:src/pools.ts
FN:9,(anonymous_0)
FN:21,(anonymous_1)
FN:35,(anonymous_2)
FN:53,(anonymous_3)
FNF:4
FNH:4
FNDA:2,(anonymous_0)
FNDA:2,(anonymous_1)
FNDA:2,(anonymous_2)
FNDA:2,(anonymous_3)
DA:9,2
DA:21,2
DA:35,1
DA:40,2
DA:53,2
LF:5
LH:5
BRDA:21,0,0,1
BRDA:39,1,0,1
BRDA:53,2,0,1
BRF:3
BRH:3
end_of_record
